0 info it worked if it ends with ok
1 verbose cli [ 'C:\\Program Files (x86)\\nodejs\\node.exe',
1 verbose cli   'C:\\Users\\user\\AppData\\Roaming\\npm\\node_modules\\npm\\bin\\npm-cli.js',
1 verbose cli   'install' ]
2 info using npm@2.13.1
3 info using node@v4.2.3
4 verbose readDependencies loading dependencies from D:\Github Projects\pkijs-test\node_modules\node-webcrypto-ossl\package.json
5 warn package.json node-ssl@1.0.0 No repository field.
6 verbose install where, deps [ 'D:\\Github Projects\\pkijs-test\\node_modules\\node-webcrypto-ossl',
6 verbose install   [ 'mocha', 'nan' ] ]
7 verbose install where, peers [ 'D:\\Github Projects\\pkijs-test\\node_modules\\node-webcrypto-ossl',
7 verbose install   [] ]
8 verbose installManyTop reading for lifecycle D:\Github Projects\pkijs-test\node_modules\node-webcrypto-ossl\package.json
9 info preinstall node-ssl@1.0.0
10 verbose installManyTop reading scoped package data from D:\Github Projects\pkijs-test\node_modules\node-webcrypto-ossl\node_modules\mocha\package.json
11 verbose installManyTop reading scoped package data from D:\Github Projects\pkijs-test\node_modules\node-webcrypto-ossl\node_modules\nan\package.json
12 verbose readDependencies loading dependencies from D:\Github Projects\pkijs-test\node_modules\node-webcrypto-ossl\package.json
13 verbose targetResolver reading package data from D:\Github Projects\pkijs-test\node_modules\node-webcrypto-ossl\node_modules\mocha\package.json
14 verbose targetResolver reading package data from D:\Github Projects\pkijs-test\node_modules\node-webcrypto-ossl\node_modules\nan\package.json
15 verbose targetResolver reading package data from D:\Github Projects\pkijs-test\node_modules\node-webcrypto-ossl\node_modules\.bin\mocha\package.json
16 verbose targetResolver reading package data from D:\Github Projects\pkijs-test\node_modules\node-webcrypto-ossl\node_modules\.bin\mocha.cmd\package.json
17 verbose already installed skipping nan@^2.1.0 D:\Github Projects\pkijs-test\node_modules\node-webcrypto-ossl
18 verbose already installed skipping mocha@^2.3.4 D:\Github Projects\pkijs-test\node_modules\node-webcrypto-ossl
19 silly install resolved []
20 info build D:\Github Projects\pkijs-test\node_modules\node-webcrypto-ossl
21 info linkStuff node-ssl@1.0.0
22 silly linkStuff node-ssl@1.0.0 has D:\Github Projects\pkijs-test\node_modules as its parent node_modules
23 verbose linkBins node-ssl@1.0.0
24 verbose linkMans node-ssl@1.0.0
25 verbose rebuildBundles node-ssl@1.0.0
26 verbose rebuildBundles [ '.bin', 'mocha', 'nan' ]
27 info install node-ssl@1.0.0
28 verbose unsafe-perm in lifecycle true
29 info node-ssl@1.0.0 Failed to exec install script
30 verbose stack Error: node-ssl@1.0.0 install: `node-gyp configure && node-gyp build && tsd install && tsc`
30 verbose stack Exit status 1
30 verbose stack     at EventEmitter.<anonymous> (C:\Users\user\AppData\Roaming\npm\node_modules\npm\lib\utils\lifecycle.js:214:16)
30 verbose stack     at emitTwo (events.js:87:13)
30 verbose stack     at EventEmitter.emit (events.js:172:7)
30 verbose stack     at ChildProcess.<anonymous> (C:\Users\user\AppData\Roaming\npm\node_modules\npm\lib\utils\spawn.js:24:14)
30 verbose stack     at emitTwo (events.js:87:13)
30 verbose stack     at ChildProcess.emit (events.js:172:7)
30 verbose stack     at maybeClose (internal/child_process.js:818:16)
30 verbose stack     at Process.ChildProcess._handle.onexit (internal/child_process.js:211:5)
31 verbose pkgid node-ssl@1.0.0
32 verbose cwd D:\Github Projects\pkijs-test\node_modules\node-webcrypto-ossl
33 error Windows_NT 10.0.10240
34 error argv "C:\\Program Files (x86)\\nodejs\\node.exe" "C:\\Users\\user\\AppData\\Roaming\\npm\\node_modules\\npm\\bin\\npm-cli.js" "install"
35 error node v4.2.3
36 error npm  v2.13.1
37 error code ELIFECYCLE
38 error node-ssl@1.0.0 install: `node-gyp configure && node-gyp build && tsd install && tsc`
38 error Exit status 1
39 error Failed at the node-ssl@1.0.0 install script 'node-gyp configure && node-gyp build && tsd install && tsc'.
39 error This is most likely a problem with the node-ssl package,
39 error not with npm itself.
39 error Tell the author that this fails on your system:
39 error     node-gyp configure && node-gyp build && tsd install && tsc
39 error You can get their info via:
39 error     npm owner ls node-ssl
39 error There is likely additional logging output above.
40 verbose exit [ 1, true ]
